{"C:\\Users\\Micha\\Apps\\mongodb-connector\\src\\connector.js": {"path":"C:\\Users\\Micha\\Apps\\mongodb-connector\\src\\connector.js","statementMap":{"0":{"start":{"line":9,"column":8},"end":{"line":25,"column":9}},"1":{"start":{"line":11,"column":22},"end":{"line":11,"column":110}},"2":{"start":{"line":12,"column":26},"end":{"line":14,"column":14}},"3":{"start":{"line":16,"column":12},"end":{"line":16,"column":66}},"4":{"start":{"line":17,"column":12},"end":{"line":17,"column":58}},"5":{"start":{"line":19,"column":12},"end":{"line":19,"column":61}},"6":{"start":{"line":20,"column":12},"end":{"line":20,"column":27}},"7":{"start":{"line":23,"column":12},"end":{"line":23,"column":69}},"8":{"start":{"line":24,"column":12},"end":{"line":24,"column":33}},"9":{"start":{"line":30,"column":8},"end":{"line":30,"column":46}},"10":{"start":{"line":34,"column":8},"end":{"line":34,"column":40}}},"fnMap":{"0":{"name":"(anonymous_0)","decl":{"start":{"line":8,"column":4},"end":{"line":8,"column":5}},"loc":{"start":{"line":8,"column":29},"end":{"line":26,"column":5}},"line":8},"1":{"name":"(anonymous_1)","decl":{"start":{"line":29,"column":4},"end":{"line":29,"column":5}},"loc":{"start":{"line":29,"column":23},"end":{"line":31,"column":5}},"line":29},"2":{"name":"(anonymous_2)","decl":{"start":{"line":33,"column":4},"end":{"line":33,"column":5}},"loc":{"start":{"line":33,"column":24},"end":{"line":35,"column":5}},"line":33}},"branchMap":{"0":{"loc":{"start":{"line":8,"column":18},"end":{"line":8,"column":27}},"type":"default-arg","locations":[{"start":{"line":8,"column":25},"end":{"line":8,"column":27}}],"line":8}},"s":{"0":0,"1":0,"2":0,"3":0,"4":0,"5":0,"6":0,"7":0,"8":0,"9":0,"10":0},"f":{"0":0,"1":0,"2":0},"b":{"0":[0]},"_coverageSchema":"43e27e138ebf9cfc5966b082cf9a028302ed4184","hash":"755f6715aa85df0573f68f3bb02bc72afb26476a"}
}
